0 info it worked if it ends with ok
1 verbose cli [ 'C:\\Program Files\\nodejs\\node.exe',
1 verbose cli   'C:\\Program Files\\nodejs\\node_modules\\npm\\bin\\npm-cli.js',
1 verbose cli   'start' ]
2 info using npm@3.10.10
3 info using node@v6.9.5
4 verbose run-script [ 'prestart', 'start', 'poststart' ]
5 info lifecycle proyecto2@1.0.0~prestart: proyecto2@1.0.0
6 silly lifecycle proyecto2@1.0.0~prestart: no script for prestart, continuing
7 info lifecycle proyecto2@1.0.0~start: proyecto2@1.0.0
8 verbose lifecycle proyecto2@1.0.0~start: unsafe-perm in lifecycle true
9 verbose lifecycle proyecto2@1.0.0~start: PATH: C:\Users\ASUS\AppData\Roaming\nvm\v6.9.5\node_modules\npm\bin\node-gyp-bin;C:\Users\ASUS\Documents\Carlos Eduardo\Uniandes\6to Semestre\Web-Dev\proyecto2\node_modules\.bin;C:\GAMS\win64\24.8;C:\GAMS\win64\24.8\gbin;C:\xpressmp\bin;C:\ProgramData\Oracle\Java\javapath;C:\Windows\system32;C:\Windows;C:\Windows\System32\Wbem;C:\Windows\System32\WindowsPowerShell\v1.0\;C:\Program Files (x86)\Skype\Phone\;C:\Program Files\Java\jdk1.7.0_80\bin;C:\Program Files (x86)\NVIDIA Corporation\PhysX\Common;C:\WINDOWS\system32;C:\WINDOWS;C:\WINDOWS\System32\Wbem;C:\WINDOWS\System32\WindowsPowerShell\v1.0\;C:\RailsInstaller\Ruby2.1.0\bin;C:\Program Files (x86)\sbt\bin;C:\Program Files\activator-dist-1.3.12\bin;C:\Program Files\Git\cmd;C:\Users\ASUS\AppData\Local\Android\sdk\tools;C:\Users\ASUS\AppData\Local\Android\sdk\platform-tools;C:\Program Files\MongoDB\Server\3.4\bin;%NVM_HOME%;%NVM_SYMLINK%;C:\Users\ASUS\AppData\Local\Programs\Python\Python36\Scripts\;C:\Users\ASUS\AppData\Local\Programs\Python\Python36\;C:\RailsInstaller\Ruby2.2.0\bin;C:\RailsInstaller\Git\cmd;C:\RailsInstaller\Ruby2.1.0\bin;C:\Ruby23-x64\bin;C:\Users\ASUS\AppData\Local\Microsoft\WindowsApps;C:\Users\ASUS\AppData\Roaming\npm;C:\Program Files\activator-dist-1.3.12;C:\Program Files\Heroku\bin;C:\Users\ASUS\AppData\Roaming\nvm;C:\Program Files\nodejs
10 verbose lifecycle proyecto2@1.0.0~start: CWD: C:\Users\ASUS\Documents\Carlos Eduardo\Uniandes\6to Semestre\Web-Dev\proyecto2
11 silly lifecycle proyecto2@1.0.0~start: Args: [ '/d /s /c', 'nodemon ./bin/www' ]
12 silly lifecycle proyecto2@1.0.0~start: Returned: code: 1  signal: null
13 info lifecycle proyecto2@1.0.0~start: Failed to exec start script
14 verbose stack Error: proyecto2@1.0.0 start: `nodemon ./bin/www`
14 verbose stack Exit status 1
14 verbose stack     at EventEmitter.<anonymous> (C:\Users\ASUS\AppData\Roaming\nvm\v6.9.5\node_modules\npm\lib\utils\lifecycle.js:255:16)
14 verbose stack     at emitTwo (events.js:106:13)
14 verbose stack     at EventEmitter.emit (events.js:191:7)
14 verbose stack     at ChildProcess.<anonymous> (C:\Users\ASUS\AppData\Roaming\nvm\v6.9.5\node_modules\npm\lib\utils\spawn.js:40:14)
14 verbose stack     at emitTwo (events.js:106:13)
14 verbose stack     at ChildProcess.emit (events.js:191:7)
14 verbose stack     at maybeClose (internal/child_process.js:877:16)
14 verbose stack     at Process.ChildProcess._handle.onexit (internal/child_process.js:226:5)
15 verbose pkgid proyecto2@1.0.0
16 verbose cwd C:\Users\ASUS\Documents\Carlos Eduardo\Uniandes\6to Semestre\Web-Dev\proyecto2
17 error Windows_NT 10.0.14393
18 error argv "C:\\Program Files\\nodejs\\node.exe" "C:\\Program Files\\nodejs\\node_modules\\npm\\bin\\npm-cli.js" "start"
19 error node v6.9.5
20 error npm  v3.10.10
21 error code ELIFECYCLE
22 error proyecto2@1.0.0 start: `nodemon ./bin/www`
22 error Exit status 1
23 error Failed at the proyecto2@1.0.0 start script 'nodemon ./bin/www'.
23 error Make sure you have the latest version of node.js and npm installed.
23 error If you do, this is most likely a problem with the proyecto2 package,
23 error not with npm itself.
23 error Tell the author that this fails on your system:
23 error     nodemon ./bin/www
23 error You can get information on how to open an issue for this project with:
23 error     npm bugs proyecto2
23 error Or if that isn't available, you can get their info via:
23 error     npm owner ls proyecto2
23 error There is likely additional logging output above.
24 verbose exit [ 1, true ]
